This is pdfTeX, Version 3.1415926-2.3-1.40.12 (MiKTeX 2.9) (preloaded format=pdflatex 2014.12.7)  8 DEC 2014 00:31
entering extended mode
**ArsClassica.tex
(C:\Users\Roy\SkyDrive\CTeX\Roy\roy_book\ArsClassica.tex
LaTeX2e <2011/06/27>
Babel <v3.8m> and hyphenation patterns for english, afrikaans, ancientgreek, ar
abic, armenian, assamese, basque, bengali, bokmal, bulgarian, catalan, coptic, 
croatian, czech, danish, dutch, esperanto, estonian, farsi, finnish, french, ga
lician, german, german-x-2009-06-19, greek, gujarati, hindi, hungarian, iceland
ic, indonesian, interlingua, irish, italian, kannada, kurmanji, lao, latin, lat
vian, lithuanian, malayalam, marathi, mongolian, mongolianlmc, monogreek, ngerm
an, ngerman-x-2009-06-19, nynorsk, oriya, panjabi, pinyin, polish, portuguese, 
romanian, russian, sanskrit, serbian, slovak, slovenian, spanish, swedish, swis
sgerman, tamil, telugu, turkish, turkmen, ukenglish, ukrainian, uppersorbian, u
senglishmax, welsh, loaded.
("C:\Program Files\CTEX\MiKTeX\tex\latex\koma-script\scrbook.cls"
Document Class: scrbook 2012/03/08 v3.10a KOMA-Script document class (book)
("C:\Program Files\CTEX\MiKTeX\tex\latex\koma-script\scrkbase.sty"
Package: scrkbase 2012/03/08 v3.10a KOMA-Script package (KOMA-Script-dependent 
basics and keyval usage)

("C:\Program Files\CTEX\MiKTeX\tex\latex\koma-script\scrbase.sty"
Package: scrbase 2012/03/08 v3.10a KOMA-Script package (KOMA-Script-independent
 basics and keyval usage)

("C:\Program Files\CTEX\MiKTeX\tex\latex\graphics\keyval.sty"
Package: keyval 1999/03/16 v1.13 key=value parser (DPC)
\KV@toks@=\toks14
)
("C:\Program Files\CTEX\MiKTeX\tex\latex\koma-script\scrlfile.sty"
Package: scrlfile 2011/03/09 v3.09 KOMA-Script package (loading files)

Package scrlfile, 2011/03/09 v3.09 KOMA-Script package (loading files)
                  Copyright (C) Markus Kohm

))) ("C:\Program Files\CTEX\MiKTeX\tex\latex\koma-script\tocbasic.sty"
Package: tocbasic 2011/05/30 v3.09a KOMA-Script package (handling toc-files)
)
Package tocbasic Info: omitting babel extension for `toc'
(tocbasic)             because of feature `nobabel' available
(tocbasic)             for `toc' on input line 117.
Package tocbasic Info: omitting babel extension for `lof'
(tocbasic)             because of feature `nobabel' available
(tocbasic)             for `lof' on input line 118.
Package tocbasic Info: omitting babel extension for `lot'
(tocbasic)             because of feature `nobabel' available
(tocbasic)             for `lot' on input line 119.
Package scrbook Info: You've used obsolete option `10pt'.
(scrbook)             \KOMAExecuteOptions{fontsize=10pt} will be
(scrbook)             used instead.
(scrbook)             You may simply replace `10pt'
(scrbook)             by `fontsize=10pt'.
Class scrbook Info: You've used standard option `openright'.
(scrbook)           This is correct!
(scrbook)           Internally I'm using `open=right'.
(scrbook)           If you'd like to set the option with \KOMAoptions,
(scrbook)           you'd have to use `open=right' there
(scrbook)           instead of `openright', too.

("C:\Program Files\CTEX\MiKTeX\tex\latex\base\fleqn.clo"
File: fleqn.clo 1998/08/17 v1.1c Standard LaTeX option (flush left equations)
\mathindent=\dimen102
)

Class scrbook Warning: You've used obsolete option `tablecaptionabove'.
(scrbook)              Usage of this option indicates an old document and
(scrbook)              changes compatibility level using
(scrbook)              `captions=tableheading,version=first'.
(scrbook)              If you don't want this, you should simply replace
(scrbook)              usage of option `tablecaptionabove' by `captions=tablehe
ading'.

Class scrbook Info: Switching compatibility level to `first'.
Class scrbook Info: File `scrsize10pt.clo' used to setup font sizes on input li
ne 1364.
("C:\Program Files\CTEX\MiKTeX\tex\latex\koma-script\scrsize10pt.clo"
File: scrsize10pt.clo 2012/03/08 v3.10a KOMA-Script font size class option (10p
t)
)
("C:\Program Files\CTEX\MiKTeX\tex\latex\koma-script\typearea.sty"
Package: typearea 2012/03/08 v3.10a KOMA-Script package (type area)

Package typearea, 2012/03/08 v3.10a KOMA-Script package (type area)
                  Copyright (C) Frank Neukam, 1992-1994
                  Copyright (C) Markus Kohm, 1994-

\ta@bcor=\skip41
\ta@div=\count79
Package typearea Info: You've used standard option `a4paper'.
(typearea)             This is correct!
(typearea)             Internally I'm using `paper=a4'.
(typearea)             If you'd like to set the option with \KOMAoptions,
(typearea)             you'd have to use `paper=a4' there
(typearea)             instead of `a4paper', too.
\ta@hblk=\skip42
\ta@vblk=\skip43
\ta@temp=\skip44
Package typearea Info: These are the values describing the layout:
(typearea)             DIV  = 8
(typearea)             BCOR = 14.22636pt
(typearea)             \paperwidth      = 597.50793pt
(typearea)              \textwidth      = 364.55101pt
(typearea)              DIV departure   = -1%
(typearea)              \evensidemargin = 73.55038pt
(typearea)              \oddsidemargin  = 14.86656pt
(typearea)             \paperheight     = 845.04694pt
(typearea)              \textheight     = 454.0pt
(typearea)              \topmargin      = 33.36087pt
(typearea)              \headheight     = 15.0pt
(typearea)              \headsep        = 18.0pt
(typearea)              \topskip        = 10.0pt
(typearea)              \footskip       = 42.0pt
(typearea)              \baselineskip   = 12.0pt
(typearea)              on input line 1177.
)
\c@part=\count80
\c@chapter=\count81
\c@section=\count82
\c@subsection=\count83
\c@subsubsection=\count84
\c@paragraph=\count85
\c@subparagraph=\count86
\abovecaptionskip=\skip45
\belowcaptionskip=\skip46
\c@pti@nb@sid@b@x=\box26
\c@figure=\count87
\c@table=\count88
\bibindent=\dimen103
) ("C:\Program Files\CTEX\MiKTeX\tex\generic\babel\babel.sty"
Package: babel 2008/07/08 v3.8m The Babel package

*************************************
* Local config file bblopts.cfg used
*
("C:\Program Files\CTEX\MiKTeX\tex\latex\00miktex\bblopts.cfg"
File: bblopts.cfg 2006/07/31 v1.0 MiKTeX 'babel' configuration
)
("C:\Program Files\CTEX\MiKTeX\tex\generic\babel\italian.ldf"
Language: italian 2008/03/14 v1.2t Italian support from the babel system

("C:\Program Files\CTEX\MiKTeX\tex\generic\babel\babel.def"
File: babel.def 2008/07/08 v3.8m Babel common definitions
\babel@savecnt=\count89
\U@D=\dimen104
)
Package babel Info: Making " an active character on input line 94.
)
("C:\Program Files\CTEX\MiKTeX\tex\generic\babel\english.ldf"
Language: english 2005/03/30 v3.3o English support from the babel system
\l@canadian = a dialect from \language\l@american 
\l@australian = a dialect from \language\l@british 
\l@newzealand = a dialect from \language\l@british 
))
("C:\Program Files\CTEX\MiKTeX\tex\latex\base\inputenc.sty"
Package: inputenc 2008/03/30 v1.1d Input encoding file
\inpenc@prehook=\toks15
\inpenc@posthook=\toks16

("C:\Program Files\CTEX\MiKTeX\tex\latex\base\applemac.def"
File: applemac.def 2008/03/30 v1.1d Input encoding file
))
("C:\Program Files\CTEX\MiKTeX\tex\latex\base\fontenc.sty"
Package: fontenc 2005/09/27 v1.99g Standard LaTeX package

("C:\Program Files\CTEX\MiKTeX\tex\latex\base\t1enc.def"
File: t1enc.def 2005/09/27 v1.99g Standard LaTeX file
LaTeX Font Info:    Redeclaring font encoding T1 on input line 43.
))
("C:\Program Files\CTEX\MiKTeX\tex\latex\ams\math\amsmath.sty"
Package: amsmath 2000/07/18 v2.13 AMS math features
\@mathmargin=\skip47

For additional information on amsmath, use the `?' option.
("C:\Program Files\CTEX\MiKTeX\tex\latex\ams\math\amstext.sty"
Package: amstext 2000/06/29 v2.01

("C:\Program Files\CTEX\MiKTeX\tex\latex\ams\math\amsgen.sty"
File: amsgen.sty 1999/11/30 v2.0
\@emptytoks=\toks17
\ex@=\dimen105
))
("C:\Program Files\CTEX\MiKTeX\tex\latex\ams\math\amsbsy.sty"
Package: amsbsy 1999/11/29 v1.2d
\pmbraise@=\dimen106
)
("C:\Program Files\CTEX\MiKTeX\tex\latex\ams\math\amsopn.sty"
Package: amsopn 1999/12/14 v2.01 operator names
)
\inf@bad=\count90
LaTeX Info: Redefining \frac on input line 211.
\uproot@=\count91
\leftroot@=\count92
LaTeX Info: Redefining \overline on input line 307.
\classnum@=\count93
\DOTSCASE@=\count94
LaTeX Info: Redefining \ldots on input line 379.
LaTeX Info: Redefining \dots on input line 382.
LaTeX Info: Redefining \cdots on input line 467.
\Mathstrutbox@=\box27
\strutbox@=\box28
\big@size=\dimen107
LaTeX Font Info:    Redeclaring font encoding OML on input line 567.
LaTeX Font Info:    Redeclaring font encoding OMS on input line 568.
\macc@depth=\count95
\c@MaxMatrixCols=\count96
\dotsspace@=\muskip10
\c@parentequation=\count97
\dspbrk@lvl=\count98
\tag@help=\toks18
\row@=\count99
\column@=\count100
\maxfields@=\count101
\andhelp@=\toks19
\eqnshift@=\dimen108
\alignsep@=\dimen109
\tagshift@=\dimen110
\tagwidth@=\dimen111
\totwidth@=\dimen112
\lineht@=\dimen113
\@envbody=\toks20
\multlinegap=\skip48
\multlinetaggap=\skip49
\mathdisplay@stack=\toks21
LaTeX Info: Redefining \[ on input line 2666.
LaTeX Info: Redefining \] on input line 2667.
)
("C:\Program Files\CTEX\MiKTeX\tex\latex\amsfonts\amssymb.sty"
Package: amssymb 2009/06/22 v3.00

("C:\Program Files\CTEX\MiKTeX\tex\latex\amsfonts\amsfonts.sty"
Package: amsfonts 2009/06/22 v3.00 Basic AMSFonts support
\symAMSa=\mathgroup4
\symAMSb=\mathgroup5
LaTeX Font Info:    Overwriting math alphabet `\mathfrak' in version `bold'
(Font)                  U/euf/m/n --> U/euf/b/n on input line 96.
))
("C:\Program Files\CTEX\MiKTeX\tex\latex\ams\classes\amsthm.sty"
Package: amsthm 2004/08/06 v2.20
\thm@style=\toks22
\thm@bodyfont=\toks23
\thm@headfont=\toks24
\thm@notefont=\toks25
\thm@headpunct=\toks26
\thm@preskip=\skip50
\thm@postskip=\skip51
\thm@headsep=\skip52
\dth@everypar=\toks27
)
("C:\Program Files\CTEX\MiKTeX\tex\latex\tools\varioref.sty"
Package: varioref 2011/10/02 v1.4z package for extended references (FMi)
\c@vrcnt=\count102
)
("C:\Program Files\CTEX\MiKTeX\tex\latex\biblatex\biblatex.sty"
Package: biblatex 2011/11/13 v1.7 programmable bibliographies

("C:\Program Files\CTEX\MiKTeX\tex\latex\etoolbox\etoolbox.sty"
Package: etoolbox 2011/01/03 v2.1 e-TeX tools for LaTeX

("C:\Program Files\CTEX\MiKTeX\tex\latex\misc\etex.sty"
Package: etex 1998/03/26 v2.0 eTeX basic definition package (PEB)
\et@xins=\count103
)
\etb@tempcnta=\count104
)
("C:\Program Files\CTEX\MiKTeX\tex\latex\logreq\logreq.sty"
Package: logreq 2010/08/04 v1.0 xml request logger
\lrq@indent=\count105

("C:\Program Files\CTEX\MiKTeX\tex\latex\logreq\logreq.def"
File: logreq.def 2010/08/04 v1.0 logreq spec v1.0
))
("C:\Program Files\CTEX\MiKTeX\tex\latex\base\ifthen.sty"
Package: ifthen 2001/05/26 v1.1c Standard LaTeX ifthen package (DPC)
)
("C:\Program Files\CTEX\MiKTeX\tex\latex\ltxmisc\url.sty"
\Urlmuskip=\muskip11
Package: url 2006/04/12  ver 3.3  Verb mode for urls, etc.
)
\c@listtotal=\count106
\c@listcount=\count107
\c@liststart=\count108
\c@liststop=\count109
\c@citecount=\count110
\c@citetotal=\count111
\c@multicitecount=\count112
\c@multicitetotal=\count113
\c@instcount=\count114
\c@maxnames=\count115
\c@minnames=\count116
\c@maxitems=\count117
\c@minitems=\count118
\c@citecounter=\count119
\c@savedcitecounter=\count120
\c@uniquelist=\count121
\c@uniquename=\count122
\c@refsection=\count123
\c@refsegment=\count124
\c@maxextrayear=\count125
\c@maxextraalpha=\count126
\c@abbrvpenalty=\count127
\c@highnamepenalty=\count128
\c@lownamepenalty=\count129
\c@maxparens=\count130
\c@parenlevel=\count131
\blx@tempcnta=\count132
\blx@tempcntb=\count133
\blx@tempcntc=\count134
\blx@maxsection=\count135
\blx@maxsegment=\count136
\blx@notetype=\count137
\blx@parenlevel@text=\count138
\blx@parenlevel@foot=\count139
\labelnumberwidth=\skip53
\labelalphawidth=\skip54
\shorthandwidth=\skip55
\biblabelsep=\skip56
\bibitemsep=\skip57
\bibnamesep=\skip58
\bibinitsep=\skip59
\bibparsep=\skip60
\bibhang=\skip61
\blx@auxin=\read1
\blx@auxout=\write3
\c@mincomprange=\count140
\c@maxcomprange=\count141
\c@mincompwidth=\count142
\c@labelname=\count143
\c@savedlabelname=\count144
\c@author=\count145
\c@savedauthor=\count146
\c@shortauthor=\count147
\c@savedshortauthor=\count148
\c@editor=\count149
\c@savededitor=\count150
\c@editora=\count151
\c@savededitora=\count152
\c@editorb=\count153
\c@savededitorb=\count154
\c@editorc=\count155
\c@savededitorc=\count156
\c@shorteditor=\count157
\c@savedshorteditor=\count158
\c@bookauthor=\count159
\c@savedbookauthor=\count160
\c@translator=\count161
\c@savedtranslator=\count162
\c@annotator=\count163
\c@savedannotator=\count164
\c@commentator=\count165
\c@savedcommentator=\count166
\c@introduction=\count167
\c@savedintroduction=\count168
\c@foreword=\count169
\c@savedforeword=\count170
\c@afterword=\count171
\c@savedafterword=\count172
\c@holder=\count173
\c@savedholder=\count174
\c@namea=\count175
\c@savednamea=\count176
\c@nameb=\count177
\c@savednameb=\count178
\c@namec=\count179
\c@savednamec=\count180
\c@institution=\count181
\c@savedinstitution=\count182
\c@language=\count183
\c@savedlanguage=\count184
\c@location=\count185
\c@savedlocation=\count186
\c@organization=\count187
\c@savedorganization=\count188
\c@origlocation=\count189
\c@savedoriglocation=\count190
\c@origpublisher=\count191
\c@savedorigpublisher=\count192
\c@pageref=\count193
\c@savedpageref=\count194
\c@publisher=\count195
\c@savedpublisher=\count196
\c@lista=\count197
\c@savedlista=\count198
\c@listb=\count199
\c@savedlistb=\count200
\c@listc=\count201
\c@savedlistc=\count202
\c@listd=\count203
\c@savedlistd=\count204
\c@liste=\count205
\c@savedliste=\count206
\c@listf=\count207
\c@savedlistf=\count208
Package biblatex Info: Trying to load compatibility code...
Package biblatex Info: ... file 'blx-compat.def' found.

("C:\Program Files\CTEX\MiKTeX\tex\latex\biblatex\blx-compat.def"
File: blx-compat.def 2011/11/13 v1.7 biblatex generic compatibility
)
Package biblatex Info: Trying to load generic definitions...
Package biblatex Info: ... file 'biblatex.def' found.

("C:\Program Files\CTEX\MiKTeX\tex\latex\biblatex\biblatex.def"
File: biblatex.def 2011/11/13 v1.7 biblatex generic definitions
\c@biburlnumpenalty=\count209
\c@biburlucpenalty=\count210
\c@biburllcpenalty=\count211
\c@smartand=\count212
)
Package biblatex Info: Trying to load natbib compatibility...
Package biblatex Info: ... file 'blx-natbib.def' found.

("C:\Program Files\CTEX\MiKTeX\tex\latex\biblatex\blx-natbib.def"
File: blx-natbib.def 2011/11/13 v1.7 biblatex natbib compatibility
)
Package biblatex Info: Trying to load bibliography style 'numeric'...
Package biblatex Info: ... file 'numeric.bbx' found.

("C:\Program Files\CTEX\MiKTeX\tex\latex\biblatex\bbx\numeric.bbx"
File: numeric.bbx 2011/11/13 v1.7 biblatex bibliography style
Package biblatex Info: Trying to load bibliography style 'standard'...
Package biblatex Info: ... file 'standard.bbx' found.

("C:\Program Files\CTEX\MiKTeX\tex\latex\biblatex\bbx\standard.bbx"
File: standard.bbx 2011/11/13 v1.7 biblatex bibliography style
))
Package biblatex Info: Trying to load citation style 'numeric'...
Package biblatex Info: ... file 'numeric.cbx' found.

("C:\Program Files\CTEX\MiKTeX\tex\latex\biblatex\cbx\numeric.cbx"
File: numeric.cbx 2011/11/13 v1.7 biblatex citation style
Package biblatex Info: Redefining '\cite'.
Package biblatex Info: Redefining '\parencite'.
Package biblatex Info: Redefining '\footcite'.
Package biblatex Info: Redefining '\footcitetext'.
Package biblatex Info: Redefining '\smartcite'.
Package biblatex Info: Redefining '\textcite'.
Package biblatex Info: Redefining '\supercite'.
Package biblatex Info: Redefining '\cites'.
Package biblatex Info: Redefining '\parencites'.
Package biblatex Info: Redefining '\smartcites'.
)
Package biblatex Info: Trying to load configuration file...
Package biblatex Info: ... file 'biblatex.cfg' found.

("C:\Program Files\CTEX\MiKTeX\tex\latex\biblatex\biblatex.cfg"
File: biblatex.cfg 
))
("C:\Program Files\CTEX\MiKTeX\tex\latex\changepage\chngpage.sty"
Package: chngpage 2009/10/20 v1.2b change page layout
\c@cp@cnt=\count213
\c@cp@tempcnt=\count214
)
("C:\Program Files\CTEX\MiKTeX\tex\latex\tools\calc.sty"
Package: calc 2007/08/22 v4.3 Infix arithmetic (KKT,FJ)
\calc@Acount=\count215
\calc@Bcount=\count216
\calc@Adimen=\dimen114
\calc@Bdimen=\dimen115
\calc@Askip=\skip62
\calc@Bskip=\skip63
LaTeX Info: Redefining \setlength on input line 76.
LaTeX Info: Redefining \addtolength on input line 77.
\calc@Ccount=\count217
\calc@Cskip=\skip64
)
("C:\Program Files\CTEX\MiKTeX\tex\latex\listings\listings.sty"
\lst@mode=\count218
\lst@gtempboxa=\box29
\lst@token=\toks28
\lst@length=\count219
\lst@currlwidth=\dimen116
\lst@column=\count220
\lst@pos=\count221
\lst@lostspace=\dimen117
\lst@width=\dimen118
\lst@newlines=\count222
\lst@lineno=\count223
\lst@maxwidth=\dimen119

("C:\Program Files\CTEX\MiKTeX\tex\latex\listings\lstmisc.sty"
File: lstmisc.sty 2007/02/22 1.4 (Carsten Heinz)
\c@lstnumber=\count224
\lst@skipnumbers=\count225
\lst@framebox=\box30
)
("C:\Program Files\CTEX\MiKTeX\tex\latex\listings\listings.cfg"
File: listings.cfg 2007/02/22 1.4 listings configuration
))
Package: listings 2007/02/22 1.4 (Carsten Heinz)

("C:\Program Files\CTEX\MiKTeX\tex\latex\graphics\graphicx.sty"
Package: graphicx 1999/02/16 v1.0f Enhanced LaTeX Graphics (DPC,SPQR)

("C:\Program Files\CTEX\MiKTeX\tex\latex\graphics\graphics.sty"
Package: graphics 2009/02/05 v1.0o Standard LaTeX Graphics (DPC,SPQR)

("C:\Program Files\CTEX\MiKTeX\tex\latex\graphics\trig.sty"
Package: trig 1999/03/16 v1.09 sin cos tan (DPC)
)
("C:\Program Files\CTEX\MiKTeX\tex\latex\00miktex\graphics.cfg"
File: graphics.cfg 2007/01/18 v1.5 graphics configuration of teTeX/TeXLive
)
Package graphics Info: Driver file: pdftex.def on input line 91.

("C:\Program Files\CTEX\MiKTeX\tex\latex\pdftex-def\pdftex.def"
File: pdftex.def 2011/05/27 v0.06d Graphics/color for pdfTeX

("C:\Program Files\CTEX\MiKTeX\tex\generic\oberdiek\infwarerr.sty"
Package: infwarerr 2010/04/08 v1.3 Providing info/warning/message (HO)
)
("C:\Program Files\CTEX\MiKTeX\tex\generic\oberdiek\ltxcmds.sty"
Package: ltxcmds 2011/04/18 v1.20 LaTeX kernel commands for general use (HO)
)
\Gread@gobject=\count226
))
\Gin@req@height=\dimen120
\Gin@req@width=\dimen121
)
("C:\Program Files\CTEX\MiKTeX\tex\latex\subfig\subfig.sty"
Package: subfig 2005/06/28 ver: 1.3 subfig package

("C:\Program Files\CTEX\MiKTeX\tex\latex\caption\caption.sty"
Package: caption 2011/11/10 v3.2e Customizing captions (AR)

("C:\Program Files\CTEX\MiKTeX\tex\latex\caption\caption3.sty"
Package: caption3 2011/11/01 v1.4a caption3 kernel (AR)
\captionmargin=\dimen122
\captionmargin@=\dimen123
\captionwidth=\dimen124
\caption@indent=\dimen125
\caption@parindent=\dimen126
\caption@hangindent=\dimen127
)
Package caption Info: KOMA-Script document class.
\c@ContinuedFloat=\count227
Package caption Info: listings package is loaded.
)
\c@KVtest=\count228
\sf@farskip=\skip65
\sf@captopadj=\dimen128
\sf@capskip=\skip66
\sf@nearskip=\skip67
\c@subfigure=\count229
\c@subfigure@save=\count230
\c@lofdepth=\count231
\c@subtable=\count232
\c@subtable@save=\count233
Normal \count register pool exhausted, switching to extended pool.
\c@lotdepth=\count277
\sf@top=\skip68
\sf@bottom=\skip69
)
("C:\Program Files\CTEX\MiKTeX\tex\latex\tools\multicol.sty"
Package: multicol 2011/06/27 v1.7a multicolumn formatting (FMi)
\c@tracingmulticols=\count278
\mult@box=\box31
\multicol@leftmargin=\dimen129
\c@unbalance=\count279
\c@collectmore=\count280
\doublecol@number=\count281
\multicoltolerance=\count282
\multicolpretolerance=\count283
\full@width=\dimen130
\page@free=\dimen131
\premulticols=\dimen132
\postmulticols=\dimen133
\multicolsep=\skip70
\multicolbaselineskip=\skip71
\partial@page=\box32
\last@line=\box33
\mult@rightbox=\box34
\mult@grightbox=\box35
\mult@gfirstbox=\box36
\mult@firstbox=\box37
\@tempa=\box38
\@tempa=\box39
\@tempa=\box40
\@tempa=\box41
\@tempa=\box42
\@tempa=\box43
\@tempa=\box44
\@tempa=\box45
\@tempa=\box46
\@tempa=\box47
\@tempa=\box48
\@tempa=\box49
\@tempa=\box50
\@tempa=\box51
\@tempa=\box52
\@tempa=\box53
\@tempa=\box54
\c@columnbadness=\count284
\c@finalcolumnbadness=\count285
\last@try=\dimen134
\multicolovershoot=\dimen135
\multicolundershoot=\dimen136
\mult@nat@firstbox=\box55
\colbreak@box=\box56
\multicol@sort@counter=\count286
)
("C:\Program Files\CTEX\MiKTeX\tex\latex\base\makeidx.sty"
Package: makeidx 2000/03/29 v1.0m Standard LaTeX package
)
("C:\Program Files\CTEX\MiKTeX\tex\latex\base\fixltx2e.sty"
Package: fixltx2e 2006/09/13 v1.1m fixes to LaTeX
LaTeX Info: Redefining \em on input line 420.
LaTeX Info: Redefining \textsubscript on input line 424.
LaTeX Info: The control sequence `\[' is already robust on input line 471.
LaTeX Info: The control sequence `\]' is already robust on input line 472.
)
("C:\Program Files\CTEX\MiKTeX\tex\latex\ltxmisc\relsize.sty"
Package: relsize 2003/07/04 ver 3.1
)
("C:\Program Files\CTEX\MiKTeX\tex\latex\lipsum\lipsum.sty"
Package: lipsum 2011/04/14 v1.2 150 paragraphs of Lorem Ipsum dummy text
\c@lips@count=\count287
)
("C:\Program Files\CTEX\MiKTeX\tex\latex\classicthesis\classicthesis.sty"
Package: classicthesis 2011/12/17 v4.0 Typographic style for a classic-looking 
thesis

("C:\Program Files\CTEX\MiKTeX\tex\generic\oberdiek\ifpdf.sty"
Package: ifpdf 2011/01/30 v2.3 Provides the ifpdf switch (HO)
Package ifpdf Info: pdfTeX in PDF mode is detected.
)
("C:\Program Files\CTEX\MiKTeX\tex\latex\hyperref\hyperref.sty"
Package: hyperref 2012/02/06 v6.82o Hypertext links for LaTeX

("C:\Program Files\CTEX\MiKTeX\tex\generic\oberdiek\hobsub-hyperref.sty"
Package: hobsub-hyperref 2011/04/23 v1.4 Bundle oberdiek, subset hyperref (HO)

("C:\Program Files\CTEX\MiKTeX\tex\generic\oberdiek\hobsub-generic.sty"
Package: hobsub-generic 2011/04/23 v1.4 Bundle oberdiek, subset generic (HO)
Package: hobsub 2011/04/23 v1.4 Subsetting bundle oberdiek (HO)
Package hobsub Info: Skipping package `infwarerr' (already loaded).
Package hobsub Info: Skipping package `ltxcmds' (already loaded).
Package: ifluatex 2010/03/01 v1.3 Provides the ifluatex switch (HO)
Package ifluatex Info: LuaTeX not detected.
Package: ifvtex 2010/03/01 v1.5 Switches for detecting VTeX and its modes (HO)
Package ifvtex Info: VTeX not detected.
Package: intcalc 2007/09/27 v1.1 Expandable integer calculations (HO)
Package hobsub Info: Skipping package `ifpdf' (already loaded).
Package: etexcmds 2011/02/16 v1.5 Prefix for e-TeX command names (HO)
Package etexcmds Info: Could not find \expanded.
(etexcmds)             That can mean that you are not using pdfTeX 1.50 or
(etexcmds)             that some package has redefined \expanded.
(etexcmds)             In the latter case, load this package earlier.
Package: kvsetkeys 2011/04/07 v1.13 Key value parser (HO)
Package: kvdefinekeys 2011/04/07 v1.3 Defining keys (HO)
Package: pdftexcmds 2011/04/22 v0.16 Utilities of pdfTeX for LuaTeX (HO)
Package pdftexcmds Info: LuaTeX not detected.
Package pdftexcmds Info: \pdf@primitive is available.
Package pdftexcmds Info: \pdf@ifprimitive is available.
Package pdftexcmds Info: \pdfdraftmode found.
Package: pdfescape 2011/04/04 v1.12 Provides string conversions (HO)
Package: bigintcalc 2011/01/30 v1.2 Expandable big integer calculations (HO)
Package: bitset 2011/01/30 v1.1 Data type bit set (HO)
Package: uniquecounter 2011/01/30 v1.2 Provides unlimited unique counter (HO)
)
Package hobsub Info: Skipping package `hobsub' (already loaded).
Package: letltxmacro 2010/09/02 v1.4 Let assignment for LaTeX macros (HO)
Package: hopatch 2011/01/30 v1.0 Wrapper for package hooks (HO)
Package: xcolor-patch 2011/01/30 xcolor patch
Package: atveryend 2011/04/23 v1.7 Hooks at very end of document (HO)
Package: atbegshi 2011/01/30 v1.15 At begin shipout hook (HO)
Package: refcount 2010/12/01 v3.2 Data extraction from references (HO)
Package: hycolor 2011/01/30 v1.7 Color options of hyperref/bookmark (HO)
)
("C:\Program Files\CTEX\MiKTeX\tex\generic\ifxetex\ifxetex.sty"
Package: ifxetex 2010/09/12 v0.6 Provides ifxetex conditional
)
("C:\Program Files\CTEX\MiKTeX\tex\latex\oberdiek\kvoptions.sty"
Package: kvoptions 2010/12/23 v3.10 Keyval support for LaTeX options (HO)
)
\@linkdim=\dimen137
\Hy@linkcounter=\count288
\Hy@pagecounter=\count289

("C:\Program Files\CTEX\MiKTeX\tex\latex\hyperref\pd1enc.def"
File: pd1enc.def 2012/02/06 v6.82o Hyperref: PDFDocEncoding definition (HO)
)
\Hy@SavedSpaceFactor=\count290

("C:\Program Files\CTEX\MiKTeX\tex\latex\00miktex\hyperref.cfg"
File: hyperref.cfg 2002/06/06 v1.2 hyperref configuration of TeXLive
)
Package hyperref Info: Hyper figures OFF on input line 4046.
Package hyperref Info: Link nesting OFF on input line 4051.
Package hyperref Info: Hyper index ON on input line 4054.
Package hyperref Info: Plain pages OFF on input line 4061.
Package hyperref Info: Backreferencing OFF on input line 4066.
Package hyperref Info: Implicit mode ON; LaTeX internals redefined.
Package hyperref Info: Bookmarks ON on input line 4284.
\c@Hy@tempcnt=\count291
LaTeX Info: Redefining \url on input line 4637.
\Fld@menulength=\count292
\Field@Width=\dimen138
\Fld@charsize=\dimen139
Package hyperref Info: Hyper figures OFF on input line 5757.
Package hyperref Info: Link nesting OFF on input line 5762.
Package hyperref Info: Hyper index ON on input line 5765.
Package hyperref Info: backreferencing OFF on input line 5772.
Package hyperref Info: Link coloring OFF on input line 5777.
Package hyperref Info: Link coloring with OCG OFF on input line 5782.
Package hyperref Info: PDF/A mode OFF on input line 5787.
LaTeX Info: Redefining \ref on input line 5827.
LaTeX Info: Redefining \pageref on input line 5831.
\Hy@abspage=\count293
\c@Item=\count294
\c@Hfootnote=\count295
)

Package hyperref Message: Driver (autodetected): hpdftex.

("C:\Program Files\CTEX\MiKTeX\tex\latex\hyperref\hpdftex.def"
File: hpdftex.def 2012/02/06 v6.82o Hyperref driver for pdfTeX
\Fld@listcount=\count296
\c@bookmark@seq@number=\count297

("C:\Program Files\CTEX\MiKTeX\tex\latex\oberdiek\rerunfilecheck.sty"
Package: rerunfilecheck 2011/04/15 v1.7 Rerun checks for auxiliary files (HO)
Package uniquecounter Info: New unique counter `rerunfilecheck' on input line 2
82.
)
\Hy@SectionHShift=\skip72
)
("C:\Program Files\CTEX\MiKTeX\tex\latex\xcolor\xcolor.sty"
Package: xcolor 2007/01/21 v2.11 LaTeX color extensions (UK)

("C:\Program Files\CTEX\MiKTeX\tex\latex\00miktex\color.cfg"
File: color.cfg 2007/01/18 v1.5 color configuration of teTeX/TeXLive
)
Package xcolor Info: Driver file: pdftex.def on input line 225.
Package xcolor Info: Model `cmy' substituted by `cmy0' on input line 1337.
Package xcolor Info: Model `hsb' substituted by `rgb' on input line 1341.
Package xcolor Info: Model `RGB' extended on input line 1353.
Package xcolor Info: Model `HTML' substituted by `rgb' on input line 1355.
Package xcolor Info: Model `Hsb' substituted by `hsb' on input line 1356.
Package xcolor Info: Model `tHsb' substituted by `hsb' on input line 1357.
Package xcolor Info: Model `HSB' substituted by `hsb' on input line 1358.
Package xcolor Info: Model `Gray' substituted by `gray' on input line 1359.
Package xcolor Info: Model `wave' substituted by `hsb' on input line 1360.

("C:\Program Files\CTEX\MiKTeX\tex\latex\graphics\dvipsnam.def"
File: dvipsnam.def 1999/02/16 v3.0i Driver-dependant file (DPC,SPQR)
))
("C:\Program Files\CTEX\MiKTeX\tex\latex\psnfss\mathpazo.sty"
Package: mathpazo 2005/04/12 PSNFSS-v9.2a Palatino w/ Pazo Math (D.Puga, WaS) 
\symupright=\mathgroup6
)
("C:\Program Files\CTEX\MiKTeX\tex\latex\bera\beramono.sty"
Package: beramono 2004/01/31 (WaS)
)
("C:\Program Files\CTEX\MiKTeX\tex\latex\eulervm\eulervm.sty"
Package: eulervm 2005/01/11 v4.0 (WaS)
)
("C:\Program Files\CTEX\MiKTeX\tex\latex\microtype\microtype.sty"
Package: microtype 2010/01/10 v2.4 Micro-typography with pdfTeX (RS)
\MT@toks=\toks29
\MT@count=\count298
LaTeX Info: Redefining \lsstyle on input line 1597.
LaTeX Info: Redefining \lslig on input line 1597.
\MT@outer@space=\skip73
LaTeX Info: Redefining \textls on input line 1605.
\MT@outer@kern=\dimen140
LaTeX Info: Redefining \textmicrotypecontext on input line 2156.
Package microtype Info: Loading configuration file microtype.cfg.

("C:\Program Files\CTEX\MiKTeX\tex\latex\microtype\microtype.cfg"
File: microtype.cfg 2010/01/10 v2.4 microtype main configuration file (RS)
))
Package classicthesis Info: A4 paper, Palatino or other on input line 256.
Package typearea Info: These are the values describing the layout:
(typearea)             DIV  = areaset
(typearea)             BCOR = 14.22636pt
(typearea)             \paperwidth      = 597.50793pt
(typearea)              \textwidth      = 336.0pt
(typearea)              \evensidemargin = 92.58438pt
(typearea)              \oddsidemargin  = 24.38356pt
(typearea)             \paperheight     = 845.04694pt
(typearea)              \textheight     = 675.0pt
(typearea)              \topmargin      = -40.58768pt
(typearea)              \headheight     = 15.0pt
(typearea)              \headsep        = 18.0pt
(typearea)              \topskip        = 10.0pt
(typearea)              \footskip       = 42.0pt
(typearea)              \baselineskip   = 12.0pt
(typearea)              on input line 256.

("C:\Program Files\CTEX\MiKTeX\tex\latex\booktabs\booktabs.sty"
Package: booktabs 2005/04/14 v1.61803 publication quality tables
\heavyrulewidth=\dimen141
\lightrulewidth=\dimen142
\cmidrulewidth=\dimen143
\belowrulesep=\dimen144
\belowbottomsep=\dimen145
\aboverulesep=\dimen146
\abovetopsep=\dimen147
\cmidrulesep=\dimen148
\cmidrulekern=\dimen149
\defaultaddspace=\dimen150
\@cmidla=\count299
\@cmidlb=\count300
\@aboverulesep=\dimen151
\@belowrulesep=\dimen152
\@thisruleclass=\count301
\@lastruleclass=\count302
\@thisrulewidth=\dimen153
)
("C:\Program Files\CTEX\MiKTeX\tex\latex\textcase\textcase.sty"
Package: textcase 2004/10/07 v0.07 Text only upper/lower case changing (DPC)
)
Package classicthesis Info: Using pdftex/microtype for character spacing.Make s
ure your pdftex is version 1.40 or higher. on input line 328.

("C:\Program Files\CTEX\MiKTeX\tex\latex\koma-script\scrpage2.sty"
Package: scrpage2 2010/04/22 v2.5 LaTeX2e KOMA-Script package
LaTeX Info: Redefining \pagemark on input line 176.
)
("C:\Program Files\CTEX\MiKTeX\tex\latex\titlesec\titlesec.sty"
Package: titlesec 2011/12/15 v2.10.0 Sectioning titles
\ttl@box=\box57
\beforetitleunit=\skip74
\aftertitleunit=\skip75
\ttl@plus=\dimen154
\ttl@minus=\dimen155
\ttl@toksa=\toks30
\titlewidth=\dimen156
\titlewidthlast=\dimen157
\titlewidthfirst=\dimen158
)
("C:\Program Files\CTEX\MiKTeX\tex\latex\tocloft\tocloft.sty"
Package: tocloft 2010/10/13 v2.3e parameterised ToC, etc., typesetting
Package tocloft Info: The document has chapter divisions on input line 43.
\cftparskip=\skip76
\cftbeforetoctitleskip=\skip77
\cftaftertoctitleskip=\skip78
\cftbeforepartskip=\skip79
\cftpartnumwidth=\skip80
\cftpartindent=\skip81
\cftbeforechapskip=\skip82
\cftchapindent=\skip83
\cftchapnumwidth=\skip84
\cftbeforesecskip=\skip85
\cftsecindent=\skip86
\cftsecnumwidth=\skip87
\cftbeforesubsecskip=\skip88
\cftsubsecindent=\skip89
\cftsubsecnumwidth=\skip90
\cftbeforesubsubsecskip=\skip91
\cftsubsubsecindent=\skip92
\cftsubsubsecnumwidth=\skip93
\cftbeforeparaskip=\skip94
\cftparaindent=\skip95
\cftparanumwidth=\skip96
\cftbeforesubparaskip=\skip97
\cftsubparaindent=\skip98
\cftsubparanumwidth=\skip99
\cftbeforeloftitleskip=\skip100
\cftafterloftitleskip=\skip101
\cftbeforefigskip=\skip102
\cftfigindent=\skip103
\cftfignumwidth=\skip104
\cftbeforelottitleskip=\skip105
\cftafterlottitleskip=\skip106
\cftbeforetabskip=\skip107
\cfttabindent=\skip108
\cfttabnumwidth=\skip109
\cftbeforesubfigskip=\skip110
\cftsubfigindent=\skip111
\cftsubfignumwidth=\skip112
\cftbeforesubtabskip=\skip113
\cftsubtabindent=\skip114
\cftsubtabnumwidth=\skip115
)
\newnumberwidth=\skip116
\beforebibskip=\skip117
\newchnumberwidth=\skip118
\figurelabelwidth=\skip119
\tablelabelwidth=\skip120
\c@listings=\count303
\cftbeforelistingsskip=\skip121
\cftlistingsindent=\skip122
\cftlistingsnumwidth=\skip123
\c@loldepth=\count304
\cftbeforeloltitleskip=\skip124
\cftafterloltitleskip=\skip125
\listingslabelwidth=\skip126

Using KOMA-command "deffootnote" for footnote setup
("C:\Program Files\CTEX\MiKTeX\tex\latex\koma-script\scrtime.sty"
Package: scrtime 2012/03/08 v3.10a KOMA-Script package (time of LaTeX run)
)
("C:\Program Files\CTEX\MiKTeX\tex\latex\carlisle\remreset.sty"))
(C:\Users\Roy\SkyDrive\CTeX\Roy\roy_book\arsclassica.sty
Package: arsclassica 2012/02/21 v4.0 Customizing ClassicThesis (LP)
LaTeX Info: Redefining \spacedallcaps on input line 57.
LaTeX Info: Redefining \spacedlowsmallcaps on input line 57.

("C:\Program Files\CTEX\MiKTeX\tex\latex\titlesec\block.tss"
File: block.tss 2011/12/15
)
Package hyperref Info: Option `colorlinks' set `true' on input line 192.
Package hyperref Info: Option `linktocpage' set `true' on input line 192.
Package hyperref Info: Option `breaklinks' set `true' on input line 192.
Package hyperref Info: Option `pageanchor' set `true' on input line 192.
Package hyperref Info: Option `plainpages' set `false' on input line 192.
Package hyperref Info: Option `bookmarksnumbered' set `true' on input line 192.

Package hyperref Info: Option `bookmarksopen' set `true' on input line 192.
Package hyperref Info: Option `hypertexnames' set `true' on input line 192.


Package hyperref Warning: Option `hyperfootnotes' has already been used,
(hyperref)                setting the option has no effect on input line 192.


Package hyperref Warning: Option `pdfpagelabels' has already been used,
(hyperref)                setting the option has no effect on input line 192.

) (C:\Users\Roy\SkyDrive\CTeX\Roy\roy_book\arsclassica-settings.tex
\@indexfile=\write4

Writing index file ArsClassica.idx
("C:\Program Files\CTEX\MiKTeX\tex\latex\listings\lstlang1.sty"
File: lstlang1.sty 2004/09/05 1.3 listings language file
)
("C:\Program Files\CTEX\MiKTeX\tex\latex\listings\lstlang2.sty"
File: lstlang2.sty 2004/09/05 1.3 listings language file
)
("C:\Program Files\CTEX\MiKTeX\tex\latex\listings\lstlang3.sty"
File: lstlang3.sty 2004/09/05 1.3 listings language file
)
("C:\Program Files\CTEX\MiKTeX\tex\latex\listings\lstlang1.sty"
File: lstlang1.sty 2004/09/05 1.3 listings language file
)
("C:\Program Files\CTEX\MiKTeX\tex\latex\listings\lstlang2.sty"
File: lstlang2.sty 2004/09/05 1.3 listings language file
)
("C:\Program Files\CTEX\MiKTeX\tex\latex\listings\lstlang3.sty"
File: lstlang3.sty 2004/09/05 1.3 listings language file
)
("C:\Program Files\CTEX\MiKTeX\tex\latex\listings\lstlang1.sty"
File: lstlang1.sty 2004/09/05 1.3 listings language file
)
("C:\Program Files\CTEX\MiKTeX\tex\latex\listings\lstlang2.sty"
File: lstlang2.sty 2004/09/05 1.3 listings language file
)
("C:\Program Files\CTEX\MiKTeX\tex\latex\listings\lstlang3.sty"
File: lstlang3.sty 2004/09/05 1.3 listings language file
)
("C:\Program Files\CTEX\MiKTeX\tex\latex\listings\lstmisc.sty"
File: lstmisc.sty 2007/02/22 1.4 (Carsten Heinz)
)
Package biblatex Info: Redefining '\citeyearpar' on input line 199.
Package biblatex Info: Redefining '\citetalias' on input line 208.
LaTeX Info: Redefining \miktex on input line 251.
LaTeX Info: Redefining \texlive on input line 254.
)
Package biblatex Info: Trying to load language 'american'...
Package biblatex Info: ... file 'american.lbx' found.

("C:\Program Files\CTEX\MiKTeX\tex\latex\biblatex\lbx\american.lbx"
File: american.lbx 2011/11/13 v1.7 biblatex localization
Package biblatex Info: Trying to load language 'english'...
Package biblatex Info: ... file 'english.lbx' found.

("C:\Program Files\CTEX\MiKTeX\tex\latex\biblatex\lbx\english.lbx"
File: english.lbx 2011/11/13 v1.7 biblatex localization
))

Package biblatex Warning: 'babel' detected but 'csquotes' missing.
(biblatex)                Loading 'csquotes' recommended.

\@quotelevel=\count305
\@quotereset=\count306
(C:\Users\Roy\SkyDrive\CTeX\Roy\roy_book\ArsClassica.aux)
LaTeX Font Info:    Checking defaults for OML/cmm/m/it on input line 30.
LaTeX Font Info:    ... okay on input line 30.
LaTeX Font Info:    Checking defaults for T1/cmr/m/n on input line 30.
LaTeX Font Info:    ... okay on input line 30.
LaTeX Font Info:    Checking defaults for OT1/cmr/m/n on input line 30.
LaTeX Font Info:    ... okay on input line 30.
LaTeX Font Info:    Checking defaults for OMS/cmsy/m/n on input line 30.
LaTeX Font Info:    ... okay on input line 30.
LaTeX Font Info:    Checking defaults for OMX/cmex/m/n on input line 30.
LaTeX Font Info:    ... okay on input line 30.
LaTeX Font Info:    Checking defaults for U/cmr/m/n on input line 30.
LaTeX Font Info:    ... okay on input line 30.
LaTeX Font Info:    Checking defaults for LGR/cmr/m/n on input line 30.
LaTeX Font Info:    Try loading font information for LGR+cmr on input line 30.

("C:\Program Files\CTEX\MiKTeX\tex\generic\babel\lgrcmr.fd"
File: lgrcmr.fd 2008/06/17 v2.3 Greek Computer Modern
)
LaTeX Font Info:    ... okay on input line 30.
LaTeX Font Info:    Checking defaults for PD1/pdf/m/n on input line 30.
LaTeX Font Info:    ... okay on input line 30.
LaTeX Font Info:    Try loading font information for T1+pplj on input line 30.

("C:\Program Files\CTEX\MiKTeX\tex\latex\psnfss\t1pplj.fd"
File: t1pplj.fd 2004/09/06 font definitions for T1/pplj.
)
Package biblatex Info: Input encoding 'applemac' detected.
Package biblatex Info: Automatic encoding selection.
(biblatex)             Assuming data encoding 'applemac'.


Package biblatex Warning: Data encoding is 'applemac'.
(biblatex)                Use backend=bibtex8 or backend=biber.

Package biblatex Info: Trying to load bibliographic data...
Package biblatex Info: ... file 'ArsClassica.bbl' found.
(C:\Users\Roy\SkyDrive\CTeX\Roy\roy_book\ArsClassica.bbl)
Package biblatex Info: Reference section=0 on input line 30.
Package biblatex Info: Reference segment=0 on input line 30.
\c@lstlisting=\count307

("C:\Program Files\CTEX\MiKTeX\tex\context\base\supp-pdf.mkii"
[Loading MPS to PDF converter (version 2006.09.02).]
\scratchcounter=\count308
\scratchdimen=\dimen159
\scratchbox=\box58
\nofMPsegments=\count309
\nofMParguments=\count310
\everyMPshowfont=\toks31
\MPscratchCnt=\count311
\MPscratchDim=\dimen160
\MPnumerator=\count312
\makeMPintoPDFobject=\count313
\everyMPtoPDFconversion=\toks32
)
Package caption Info: Begin \AtBeginDocument code.
Package caption Info: subfig package v1.3 is loaded.
Package caption Info: hyperref package is loaded.
Package caption Info: End \AtBeginDocument code.
\AtBeginShipoutBox=\box59
Package hyperref Info: Link coloring ON on input line 30.
 ("C:\Program Files\CTEX\MiKTeX\tex\latex\hyperref\nameref.sty"
Package: nameref 2010/04/30 v2.40 Cross-referencing by name of section

("C:\Program Files\CTEX\MiKTeX\tex\generic\oberdiek\gettitlestring.sty"
Package: gettitlestring 2010/12/03 v1.4 Cleanup title references (HO)
)
\c@section@level=\count314
LaTeX Info: Redefining \Ref on input line 498.
)
LaTeX Info: Redefining \ref on input line 30.
LaTeX Info: Redefining \pageref on input line 30.
LaTeX Info: Redefining \nameref on input line 30.

(C:\Users\Roy\SkyDrive\CTeX\Roy\roy_book\ArsClassica.out)
(C:\Users\Roy\SkyDrive\CTeX\Roy\roy_book\ArsClassica.out)
\@outlinefile=\write5
LaTeX Info: Redefining \Ref on input line 30.
LaTeX Info: Redefining \microtypecontext on input line 30.
Package microtype Info: Generating PDF output.
Package microtype Info: Character protrusion enabled (level 2).
Package microtype Info: Using default protrusion set `alltext'.
Package microtype Info: No font expansion.
Package microtype Info: No tracking.
Package microtype Info: No adjustment of interword spacing.
Package microtype Info: No adjustment of character kerning.

("C:\Program Files\CTEX\MiKTeX\tex\latex\microtype\mt-ppl.cfg"
File: mt-ppl.cfg 2005/11/16 v1.6 microtype config. file: Palatino (RS)
)
(C:\Users\Roy\SkyDrive\CTeX\Roy\roy_book\FrontBackMatter/Titlepage.tex
LaTeX Font Info:    Try loading font information for T1+iwona on input line 7.

("C:\Program Files\CTEX\MiKTeX\tex\latex\iwona\t1iwona.fd"
File: t1iwona.fd 2008/07/22 v0.995 font definition file for T1/iwona (MW)
)
LaTeX Font Info:    Try loading font information for U+zeur on input line 22.

("C:\Program Files\CTEX\MiKTeX\tex\latex\eulervm\uzeur.fd"
File: uzeur.fd 2005/01/11 v4.0 (WaS)
)
("C:\Program Files\CTEX\MiKTeX\tex\latex\microtype\mt-eur.cfg"
File: mt-eur.cfg 2006/07/31 v1.1 microtype config. file: AMS Euler Roman (RS)
)
LaTeX Font Info:    Try loading font information for U+zeus on input line 22.

("C:\Program Files\CTEX\MiKTeX\tex\latex\eulervm\uzeus.fd"
File: uzeus.fd 2005/01/11 v4.0 (WaS)
)
("C:\Program Files\CTEX\MiKTeX\tex\latex\microtype\mt-eus.cfg"
File: mt-eus.cfg 2006/07/28 v1.2 microtype config. file: AMS Euler Script (RS)
)
LaTeX Font Info:    Try loading font information for U+zeuex on input line 22.

("C:\Program Files\CTEX\MiKTeX\tex\latex\eulervm\uzeuex.fd"
File: uzeuex.fd 2005/01/11 v4.0 (WaS)
)
("C:\Program Files\CTEX\MiKTeX\tex\latex\microtype\mt-msa.cfg"
File: mt-msa.cfg 2006/02/04 v1.1 microtype config. file: AMS symbols (a) (RS)
)
("C:\Program Files\CTEX\MiKTeX\tex\latex\microtype\mt-msb.cfg"
File: mt-msb.cfg 2005/06/01 v1.0 microtype config. file: AMS symbols (b) (RS)
)
LaTeX Font Info:    Try loading font information for OT1+zplm on input line 22.


("C:\Program Files\CTEX\MiKTeX\tex\latex\psnfss\ot1zplm.fd"
File: ot1zplm.fd 2002/09/08 Fontinst v1.914 font definitions for OT1/zplm.
)
<Graphics/Birds.jpg, id=55, 346.29375pt x 346.29375pt>
File: Graphics/Birds.jpg Graphic file (type jpg)

<use Graphics/Birds.jpg>
Package pdftex.def Info: Graphics/Birds.jpg used on input line 23.
(pdftex.def)             Requested size: 71.13188pt x 71.12805pt.

Underfull \hbox (badness 10000) in paragraph at lines 31--31

 []

LaTeX Font Info:    Try loading font information for T1+fvm on input line 31.
("C:\Program Files\CTEX\MiKTeX\tex\latex\bera\t1fvm.fd"
File: t1fvm.fd 2004/09/07 scalable font definitions for T1/fvm.
)
LaTeX Font Info:    Font shape `T1/fvm/m/n' will be
(Font)              scaled to size 8.50006pt on input line 31.

Underfull \hbox (badness 10000) in paragraph at lines 31--31

 []


Overfull \hbox (24.0pt too wide) in paragraph at lines 22--33
 [][] 
 []

[1



{C:/Program Files/CTEX/UserData/pdftex/config/pdftex.map{Unicode.sfd}{UGBK.sfd}
} <C:/Users/Roy/SkyDrive/CTeX/Roy/roy_book/Graphics/Birds.jpg>])
(C:\Users\Roy\SkyDrive\CTeX\Roy\roy_book\FrontBackMatter/Titleback.tex
LaTeX Font Info:    Try loading font information for OMS+pplj on input line 12.

LaTeX Font Info:    No file OMSpplj.fd. on input line 12.


LaTeX Font Warning: Font shape `OMS/pplj/m/n' undefined
(Font)              using `OMS/cmsy/m/n' instead on input line 12.

) [2]
(C:\Users\Roy\SkyDrive\CTeX\Roy\roy_book\FrontBackMatter/Abstract+Sommario.tex)
(C:\Users\Roy\SkyDrive\CTeX\Roy\roy_book\FrontBackMatter/Acknowledgements.tex)
[3

] (C:\Users\Roy\SkyDrive\CTeX\Roy\roy_book\FrontBackMatter/Contents.tex
Package tocbasic Info: character protrusion at toc deactivated on input line 11
.

(C:\Users\Roy\SkyDrive\CTeX\Roy\roy_book\ArsClassica.toc
Package microtype Info: Character `029' is missing
(microtype)             in font `T1/pplj/m/sc/10'.
(microtype)             Ignoring protrusion settings for this character.
)
\tf@toc=\write6
) [4

]
(C:\Users\Roy\SkyDrive\CTeX\Roy\roy_book\Chapters/Fundamentals.tex
Chapter 1.

Class scrbook Warning: \float@addtolists detected!
(scrbook)              You should use the features of package `tocbasic'
(scrbook)              instead of \float@addtolists.
(scrbook)              Support for \float@addtolists may be removed from
(scrbook)              `scrbook' soon .

Package microtype Info: Character `029' is missing
(microtype)             in font `T1/iwona/m/sc/14.4'.
(microtype)             Ignoring protrusion settings for this character.
LaTeX Font Info:    Font shape `T1/fvm/m/n' will be
(Font)              scaled to size 7.65005pt on input line 19.
[1




] <Graphics/Example_1.jpg, id=134, 240.9pt x 180.675pt>
File: Graphics/Example_1.jpg Graphic file (type jpg)

<use Graphics/Example_1.jpg>
Package pdftex.def Info: Graphics/Example_1.jpg used on input line 88.
(pdftex.def)             Requested size: 151.19897pt x 113.40128pt.
LaTeX Font Info:    Font shape `T1/iwona/bx/n' in size <8> not available
(Font)              Font shape `T1/iwona/b/n' tried instead on input line 88.

<Graphics/Example_2.jpg, id=135, 240.9pt x 180.675pt>
File: Graphics/Example_2.jpg Graphic file (type jpg)

<use Graphics/Example_2.jpg>
Package pdftex.def Info: Graphics/Example_2.jpg used on input line 91.
(pdftex.def)             Requested size: 151.19897pt x 113.40128pt.

<Graphics/Example_3.jpg, id=136, 240.9pt x 180.675pt>
File: Graphics/Example_3.jpg Graphic file (type jpg)

<use Graphics/Example_3.jpg>
Package pdftex.def Info: Graphics/Example_3.jpg used on input line 93.
(pdftex.def)             Requested size: 151.19897pt x 113.40128pt.

<Graphics/Example_4.jpg, id=137, 240.9pt x 180.675pt>
File: Graphics/Example_4.jpg Graphic file (type jpg)

<use Graphics/Example_4.jpg>
Package pdftex.def Info: Graphics/Example_4.jpg used on input line 95.
(pdftex.def)             Requested size: 151.19897pt x 113.40128pt.
LaTeX Font Info:    Font shape `T1/iwona/bx/n' in size <9> not available
(Font)              Font shape `T1/iwona/b/n' tried instead on input line 97.
 [2]
Package microtype Info: Character `029' is missing
(microtype)             in font `T1/iwona/m/sc/10'.
(microtype)             Ignoring protrusion settings for this character.
 [3 <C:/Users/Roy/SkyDrive/CTeX/Roy/roy_book/Graphics/Example_1.jpg> <C:/Users/
Roy/SkyDrive/CTeX/Roy/roy_book/Graphics/Example_2.jpg> <C:/Users/Roy/SkyDrive/C
TeX/Roy/roy_book/Graphics/Example_3.jpg> <C:/Users/Roy/SkyDrive/CTeX/Roy/roy_bo
ok/Graphics/Example_4.jpg>]
LaTeX Font Info:    Font shape `T1/pplj/bx/n' in size <10> not available
(Font)              Font shape `T1/pplj/b/n' tried instead on input line 117.
LaTeX Font Info:    Font shape `T1/iwona/bx/n' in size <10> not available
(Font)              Font shape `T1/iwona/b/n' tried instead on input line 117.
LaTeX Font Info:    Font shape `T1/iwona/bx/sc' in size <10> not available
(Font)              Font shape `T1/iwona/b/sc' tried instead on input line 117.


Overfull \hbox (3.09976pt too wide) in paragraph at lines 119--121
[]\T1/pplj/m/n/10 Nam arcu libero, non-ummy eget, con-sectetuer id, vulpu-tate 
a, magna. 
 []

) (C:\Users\Roy\SkyDrive\CTeX\Roy\roy_book\Chapters/Code.tex [4]
Chapter 2.
[5


] [6] [7] [8]) [9]
(C:\Users\Roy\SkyDrive\CTeX\Roy\roy_book\FrontBackMatter/Bibliography.tex)
[10



]
Overfull \hbox (3.0003pt too wide) in paragraph at lines 58--58
[]\T1/pplj/m/n/10 Robert Bring-hurst. \T1/pplj/m/it/10 The El-e-ments of Ty-po-
graphic Style\T1/pplj/m/n/10 . Point Roberts, Wash-
 []

[11


] (C:\Users\Roy\SkyDrive\CTeX\Roy\roy_book\FrontBackMatter/Index.tex
No file ArsClassica.ind.
)
Package atveryend Info: Empty hook `BeforeClearDocument' on input line 61.
Package atveryend Info: Empty hook `AfterLastShipout' on input line 61.
 (C:\Users\Roy\SkyDrive\CTeX\Roy\roy_book\ArsClassica.aux)
Package atveryend Info: Executing hook `AtVeryEndDocument' on input line 61.
Package atveryend Info: Executing hook `AtEndAfterFileList' on input line 61.
Package rerunfilecheck Info: File `ArsClassica.out' has not changed.
(rerunfilecheck)             Checksum: B15811D195B4EE2E1C925CF5F0F158B1;714.


LaTeX Font Warning: Some font shapes were not available, defaults substituted.

Package logreq Info: Writing requests to 'ArsClassica.run.xml'.
 ) 
Here is how much of TeX's memory you used:
 21299 strings out of 494045
 331861 string characters out of 3148017
 865971 words of memory out of 3000000
 23871 multiletter control sequences out of 15000+200000
 118306 words of font info for 117 fonts, out of 3000000 for 9000
 725 hyphenation exceptions out of 8191
 50i,14n,67p,821b,3217s stack positions out of 5000i,500n,10000p,200000b,50000s
{C:/Program Files/CTEX/MiKTeX/fonts/enc/dvips/iwona/ec-iwona-sc.enc}{C:/Progr
am Files/CTEX/MiKTeX/fonts/enc/dvips/iwona/ec-iwona.enc}{C:/Program Files/CTEX/
MiKTeX/fonts/enc/dvips/fontname/8r.enc}<C:/Program Files/CTEX/MiKTeX/fonts/type
1/public/amsfonts/cm/cmsy10.pfb><C:/Program Files/CTEX/MiKTeX/fonts/type1/publi
c/amsfonts/euler/eurb10.pfb><C:/Program Files/CTEX/MiKTeX/fonts/type1/public/am
sfonts/euler/eurm10.pfb><C:/Program Files/CTEX/MiKTeX/fonts/type1/public/amsfon
ts/euler/eusm10.pfb><C:/Program Files/CTEX/MiKTeX/fonts/type1/public/fpl/fplrc8
a.pfb><C:/Program Files/CTEX/MiKTeX/fonts/type1/public/fpl/fplrij8a.pfb><C:/Pro
gram Files/CTEX/MiKTeX/fonts/type1/bera/fvmr8a.pfb><C:/Program Files/CTEX/MiKTe
X/fonts/type1/nowacki/iwona/iwonab.pfb><C:/Program Files/CTEX/MiKTeX/fonts/type
1/nowacki/iwona/iwonar.pfb><C:/Program Files/CTEX/MiKTeX/fonts/type1/nowacki/iw
ona/iwonari.pfb><C:/Program Files/CTEX/MiKTeX/fonts/type1/urw/palatino/uplr8a.p
fb><C:/Program Files/CTEX/MiKTeX/fonts/type1/urw/palatino/uplri8a.pfb>
Output written on ArsClassica.pdf (15 pages, 349447 bytes).
PDF statistics:
 529 PDF objects out of 1000 (max. 8388607)
 293 named destinations out of 1000 (max. 500000)
 21122 words of extra memory for PDF output out of 24883 (max. 10000000)

